<?xml version="1.0" encoding="UTF-8"?>
<!-- Generated by org.testng.reporters.JUnitReportReporter -->
<testsuite skipped="0" hostname="MacBook-Pro-de-Adama-2.local" name="seleniumUnitTest.Atagtestngunittest" tests="1" failures="0" timestamp="15 oct. 2018 15:36:21 GMT" time="4.707" errors="0">
  <testcase name="AtaElementTest" time="4.707" classname="seleniumUnitTest.Atagtestngunittest"/>
</testsuite> <!-- seleniumUnitTest.Atagtestngunittest -->
