<?xml version="1.0" encoding="UTF-8"?>
<!-- Generated by org.testng.reporters.JUnitReportReporter -->
<testsuite skipped="0" hostname="MacBook-Pro-de-Adama-2.local" name="test.LoginTest" tests="1" failures="0" timestamp="16 oct. 2018 13:08:17 GMT" time="6.014" errors="0">
  <testcase name="logionTest" time="6.014" classname="test.LoginTest"/>
</testsuite> <!-- test.LoginTest -->
