<?xml version="1.0" encoding="UTF-8"?>
<!-- Generated by org.testng.reporters.JUnitReportReporter -->
<testsuite skipped="0" hostname="MacBook-Pro-de-Adama-2.local" name="seleniumUnitTest.Logintestinput" tests="1" failures="0" timestamp="16 oct. 2018 10:04:06 GMT" time="3.066" errors="0">
  <testcase name="loinputTest" time="3.066" classname="seleniumUnitTest.Logintestinput"/>
</testsuite> <!-- seleniumUnitTest.Logintestinput -->
